<?xml version="1.0" encoding="UTF-8"?>
<!-- Generated by org.testng.reporters.JUnitXMLReporter -->
<testsuite ignored="1" hostname="DESKTOP-A7GO9P6" failures="0" tests="2" name="Default test" time="3.643" errors="0" timestamp="2024-12-29T18:18:16 EET">
  <testcase classname="FirstProject.task1LeftOnly" name="Login" time="0.46"/>
  <testcase classname="FirstProject.task1LeftOnly" name="AddOnlyRightProducts" time="2.274"/>
  <testcase classname="FirstProject.task1LeftOnly" name="AddOnlyLeftProducts" time="0.0">
    <ignored/>
  </testcase> <!-- AddOnlyLeftProducts -->
</testsuite> <!-- Default test -->
