<?xml version="1.0" encoding="UTF-8"?>
<testng-results ignored="1" total="3" passed="2" failed="0" skipped="0">
  <reporter-output>
  </reporter-output>
  <suite started-at="2024-12-29T18:18:12 EET" name="Default suite" finished-at="2024-12-29T18:18:16 EET" duration-ms="3643">
    <groups>
    </groups>
    <test started-at="2024-12-29T18:18:12 EET" name="Default test" finished-at="2024-12-29T18:18:16 EET" duration-ms="3643">
      <class name="FirstProject.task1LeftOnly">
        <test-method is-config="true" signature="MySetup()[pri:0, instance:FirstProject.task1LeftOnly@1d3ac898]" started-at="2024-12-29T18:18:12 EET" name="MySetup" finished-at="2024-12-29T18:18:13 EET" duration-ms="843" status="PASS">
          <reporter-output>
          </reporter-output>
        </test-method> <!-- MySetup -->
        <test-method signature="Login()[pri:1, instance:FirstProject.task1LeftOnly@1d3ac898]" started-at="2024-12-29T18:18:13 EET" name="Login" finished-at="2024-12-29T18:18:14 EET" duration-ms="460" status="PASS">
          <reporter-output>
          </reporter-output>
        </test-method> <!-- Login -->
        <test-method signature="AddOnlyRightProducts()[pri:3, instance:FirstProject.task1LeftOnly@1d3ac898]" started-at="2024-12-29T18:18:14 EET" name="AddOnlyRightProducts" finished-at="2024-12-29T18:18:16 EET" duration-ms="2274" status="PASS">
          <reporter-output>
          </reporter-output>
        </test-method> <!-- AddOnlyRightProducts -->
      </class> <!-- FirstProject.task1LeftOnly -->
    </test> <!-- Default test -->
  </suite> <!-- Default suite -->
</testng-results>
